\BOOKMARK [0][-]{pretexto.0}{Elementos Pr\351-Textuais}{}
\BOOKMARK [1][-]{pretexto.1.1}{Capa}{pretexto.0}
\BOOKMARK [1][-]{pretexto.2.1}{Publica\347\343o}{pretexto.0}
\BOOKMARK [1][-]{pretexto.3.1}{Folha de Rosto}{pretexto.0}
\BOOKMARK [1][-]{pretexto.4.1}{Aprova\347\343o}{pretexto.0}
\BOOKMARK [1][-]{pretexto.5.1}{Direitos Autorais}{pretexto.0}
\BOOKMARK [1][-]{pretexto.6.1}{Dedicat\363ria}{pretexto.0}
\BOOKMARK [1][-]{pretexto.7.1}{Agradecimentos}{pretexto.0}
\BOOKMARK [1][-]{pretexto.10.1}{Ep\355grafe}{pretexto.0}
\BOOKMARK [1][-]{pretexto.8.1}{Resumo}{pretexto.0}
\BOOKMARK [1][-]{pretexto.9.1}{Abstract}{pretexto.0}
\BOOKMARK [0][-]{sumario.0}{Sum\341rio}{}
\BOOKMARK [0][-]{section*.1}{Lista de Figuras}{}
\BOOKMARK [0][-]{section*.2}{Lista de Tabelas}{}
\BOOKMARK [0][-]{section*.3}{Lista de Algoritmos}{}
\BOOKMARK [0][-]{section*.4}{Lista de C\363digos de Programas}{}
\BOOKMARK [0][-]{chapter.5}{1 Introdu\347\343o}{}
\BOOKMARK [1][-]{section.6}{1.1 Objetivos}{chapter.5}
\BOOKMARK [1][-]{section.8}{1.2 Contribui\347\365es}{chapter.5}
\BOOKMARK [1][-]{section.9}{1.3 Metodologia}{chapter.5}
\BOOKMARK [1][-]{section.10}{1.4 Contribui\347\365es}{chapter.5}
\BOOKMARK [1][-]{section.11}{1.5 Organiza\347\343o da disserta\347\343o}{chapter.5}
\BOOKMARK [0][-]{chapter.12}{2 Referencial te\363rico}{}
\BOOKMARK [1][-]{section.13}{2.1 Model driven engineering}{chapter.12}
\BOOKMARK [2][-]{subsection.14}{2.1.1 Modelos}{section.13}
\BOOKMARK [3][-]{section*.15}{Dimens\365es de modelagem}{subsection.14}
\BOOKMARK [2][-]{subsection.16}{2.1.2 Meta-modelagem}{section.13}
\BOOKMARK [3][-]{section*.17}{Linguagens}{subsection.16}
\BOOKMARK [2][-]{subsection.18}{2.1.3 Technical spaces}{section.13}
\BOOKMARK [1][-]{section.19}{2.2 CVM}{chapter.12}
\BOOKMARK [1][-]{section.20}{2.3 Reflex\343o computacional}{chapter.12}
\BOOKMARK [1][-]{section.21}{2.4 Computa\347\343o aut\364noma}{chapter.12}
\BOOKMARK [0][-]{chapter.22}{3 Uma abordagem dirigida por modelos para constru\347\343o de m\341quinas virtuais dirigidas por modelos}{}
\BOOKMARK [1][-]{section.23}{3.1 Vis\343o geral}{chapter.22}
\BOOKMARK [1][-]{section.25}{3.2 Abordagem dirigida por modelos para defini\347\343o do Intermediador de Servi\347o}{chapter.22}
\BOOKMARK [0][-]{chapter.26}{4 Metamodelo do Intermediador de Servi\347os}{}
\BOOKMARK [1][-]{section.29}{4.1 Interface}{chapter.26}
\BOOKMARK [1][-]{section.31}{4.2 Tratamento de sinais}{chapter.26}
\BOOKMARK [1][-]{section.32}{4.3 Recursos}{chapter.26}
\BOOKMARK [1][-]{section.34}{4.4 Manuten\347\343o de estado}{chapter.26}
\BOOKMARK [1][-]{section.36}{4.5 Computa\347\343o Aut\364noma}{chapter.26}
\BOOKMARK [1][-]{section.37}{4.6 Pol\355ticas para sele\347\343o de recursos}{chapter.26}
\BOOKMARK [0][-]{section*.38}{Refer\352ncias Bibliogr\341ficas}{}
